e:\programs\google drive\full sail classes\graphics ii (proyect&portfolio_iv)\graphics_ii_repo\graphicsii_fs\hardwareproject\debug\vc120.pdb
e:\programs\google drive\full sail classes\graphics ii (proyect&portfolio_iv)\graphics_ii_repo\graphicsii_fs\hardwareproject\debug\vc120.idb
e:\programs\google drive\full sail classes\graphics ii (proyect&portfolio_iv)\graphics_ii_repo\graphicsii_fs\hardwareproject\debug\xtime.obj
e:\programs\google drive\full sail classes\graphics ii (proyect&portfolio_iv)\graphics_ii_repo\graphicsii_fs\hardwareproject\debug\main.obj
e:\programs\google drive\full sail classes\graphics ii (proyect&portfolio_iv)\graphics_ii_repo\graphicsii_fs\hardwareproject\trivial_ps.csh
e:\programs\google drive\full sail classes\graphics ii (proyect&portfolio_iv)\graphics_ii_repo\graphicsii_fs\debug\trivial_ps.cso
e:\programs\google drive\full sail classes\graphics ii (proyect&portfolio_iv)\graphics_ii_repo\graphicsii_fs\hardwareproject\trivial_vs.csh
e:\programs\google drive\full sail classes\graphics ii (proyect&portfolio_iv)\graphics_ii_repo\graphicsii_fs\debug\trivial_vs.cso
e:\programs\google drive\full sail classes\graphics ii (proyect&portfolio_iv)\graphics_ii_repo\graphicsii_fs\hardwareproject\samplepixelshader.csh
e:\programs\google drive\full sail classes\graphics ii (proyect&portfolio_iv)\graphics_ii_repo\graphicsii_fs\debug\samplepixelshader.cso
e:\programs\google drive\full sail classes\graphics ii (proyect&portfolio_iv)\graphics_ii_repo\graphicsii_fs\hardwareproject\samplevertexshader.csh
e:\programs\google drive\full sail classes\graphics ii (proyect&portfolio_iv)\graphics_ii_repo\graphicsii_fs\debug\samplevertexshader.cso
e:\programs\google drive\full sail classes\graphics ii (proyect&portfolio_iv)\graphics_ii_repo\graphicsii_fs\debug\hardwareproject.ilk
e:\programs\google drive\full sail classes\graphics ii (proyect&portfolio_iv)\graphics_ii_repo\graphicsii_fs\debug\hardwareproject.exe
e:\programs\google drive\full sail classes\graphics ii (proyect&portfolio_iv)\graphics_ii_repo\graphicsii_fs\debug\hardwareproject.pdb
e:\programs\google drive\full sail classes\graphics ii (proyect&portfolio_iv)\graphics_ii_repo\graphicsii_fs\hardwareproject\debug\hardwareproject.tlog\cl.command.1.tlog
e:\programs\google drive\full sail classes\graphics ii (proyect&portfolio_iv)\graphics_ii_repo\graphicsii_fs\hardwareproject\debug\hardwareproject.tlog\cl.read.1.tlog
e:\programs\google drive\full sail classes\graphics ii (proyect&portfolio_iv)\graphics_ii_repo\graphicsii_fs\hardwareproject\debug\hardwareproject.tlog\cl.write.1.tlog
e:\programs\google drive\full sail classes\graphics ii (proyect&portfolio_iv)\graphics_ii_repo\graphicsii_fs\hardwareproject\debug\hardwareproject.tlog\fxc.command.1.tlog
e:\programs\google drive\full sail classes\graphics ii (proyect&portfolio_iv)\graphics_ii_repo\graphicsii_fs\hardwareproject\debug\hardwareproject.tlog\fxc.read.1.tlog
e:\programs\google drive\full sail classes\graphics ii (proyect&portfolio_iv)\graphics_ii_repo\graphicsii_fs\hardwareproject\debug\hardwareproject.tlog\fxc.write.1.tlog
e:\programs\google drive\full sail classes\graphics ii (proyect&portfolio_iv)\graphics_ii_repo\graphicsii_fs\hardwareproject\debug\hardwareproject.tlog\hardwareproject.write.1u.tlog
e:\programs\google drive\full sail classes\graphics ii (proyect&portfolio_iv)\graphics_ii_repo\graphicsii_fs\hardwareproject\debug\hardwareproject.tlog\link.command.1.tlog
e:\programs\google drive\full sail classes\graphics ii (proyect&portfolio_iv)\graphics_ii_repo\graphicsii_fs\hardwareproject\debug\hardwareproject.tlog\link.read.1.tlog
e:\programs\google drive\full sail classes\graphics ii (proyect&portfolio_iv)\graphics_ii_repo\graphicsii_fs\hardwareproject\debug\hardwareproject.tlog\link.write.1.tlog
